<?xml version="1.0" encoding="UTF-8"?>
<!-- Generated by org.testng.reporters.JUnitReportReporter -->
<testsuite hostname="HW0924" name="com.automation.scripts.Login" tests="2" failures="0" timestamp="30 Mar 2020 12:02:34 GMT" time="22.009" errors="0">
  <testcase name="login" time="3.504" classname="com.automation.scripts.Login"/>
  <testcase name="login" time="18.505" classname="com.automation.scripts.Login"/>
</testsuite> <!-- com.automation.scripts.Login -->
