<?xml version="1.0" encoding="UTF-8"?>
<!-- Generated by org.testng.reporters.JUnitReportReporter -->
<testsuite hostname="HW0924" name="com.automation.scripts.SearchFlight" tests="1" failures="0" timestamp="30 Mar 2020 12:02:34 GMT" time="4.620" errors="0">
  <testcase name="searchFlight" time="4.620" classname="com.automation.scripts.SearchFlight"/>
</testsuite> <!-- com.automation.scripts.SearchFlight -->
